<?xml version="1.0" encoding="UTF-8"?>
<!-- Generated by org.testng.reporters.JUnitReportReporter -->
<testsuite skipped="0" hostname="lenovo-PC" name="com.library.com.RanFordBank.TestExecution" tests="5" failures="0" timestamp="21 May 2019 08:46:22 GMT" time="97.699" errors="0">
  <testcase name="verify_launch" time="12.050" classname="com.library.com.RanFordBank.TestExecution"/>
  <testcase name="verify_login_Tc" time="3.265" classname="com.library.com.RanFordBank.TestExecution"/>
  <testcase name="verify_Branches_Tc" time="1.018" classname="com.library.com.RanFordBank.TestExecution"/>
  <testcase name="verify_branch_creation_Tc" time="12.814" classname="com.library.com.RanFordBank.TestExecution"/>
  <testcase name="verify_branch_search_Tc" time="68.552" classname="com.library.com.RanFordBank.TestExecution"/>
</testsuite> <!-- com.library.com.RanFordBank.TestExecution -->
